<?xml version="1.0" encoding="UTF-8"?>
<!-- Generated by org.testng.reporters.JUnitReportReporter -->
<testsuite hostname="Silver-Machine.local" failures="0" tests="3" name="org.opensaml.spring.trust.StaticPKIXFactoryBeanTest" time="0.091" errors="0" timestamp="2022-06-08T10:36:17 EDT" skipped="0">
  <testcase classname="org.opensaml.spring.trust.StaticPKIXFactoryBeanTest" name="customPropertiesFailsValidation" time="0.051"/>
  <system-out/>
  <testcase classname="org.opensaml.spring.trust.StaticPKIXFactoryBeanTest" name="customPropertiesSuccess" time="0.025"/>
  <system-out/>
  <testcase classname="org.opensaml.spring.trust.StaticPKIXFactoryBeanTest" name="defaults" time="0.015"/>
  <system-out/>
</testsuite> <!-- org.opensaml.spring.trust.StaticPKIXFactoryBeanTest -->
