<?xml version="1.0" encoding="UTF-8"?>
<!-- Generated by org.testng.reporters.JUnitReportReporter -->
<testsuite hostname="Silver-Machine.attlocal.net" failures="0" tests="3" name="org.opensaml.spring.trust.StaticPKIXFactoryBeanTest" time="0.176" errors="0" timestamp="2022-07-01T14:26:56 EDT" skipped="0">
  <testcase classname="org.opensaml.spring.trust.StaticPKIXFactoryBeanTest" name="customPropertiesSuccess" time="0.050"/>
  <system-out/>
  <testcase classname="org.opensaml.spring.trust.StaticPKIXFactoryBeanTest" name="defaults" time="0.036"/>
  <system-out/>
  <testcase classname="org.opensaml.spring.trust.StaticPKIXFactoryBeanTest" name="customPropertiesFailsValidation" time="0.090"/>
  <system-out/>
</testsuite> <!-- org.opensaml.spring.trust.StaticPKIXFactoryBeanTest -->
