<?xml version="1.0" encoding="UTF-8"?>
<!-- Generated by org.testng.reporters.JUnitReportReporter -->
<testsuite hostname="Silver-Machine.local" failures="0" tests="4" name="org.opensaml.spring.credential.BasicInlineParserTest" time="0.092" errors="0" timestamp="2022-06-08T10:36:17 EDT" skipped="0">
  <testcase classname="org.opensaml.spring.credential.BasicInlineParserTest" name="publicPrivate" time="0.037"/>
  <system-out/>
  <testcase classname="org.opensaml.spring.credential.BasicInlineParserTest" name="publicOnly" time="0.022"/>
  <system-out/>
  <testcase classname="org.opensaml.spring.credential.BasicInlineParserTest" name="secretBase64" time="0.018"/>
  <system-out/>
  <testcase classname="org.opensaml.spring.credential.BasicInlineParserTest" name="secretHex" time="0.015"/>
  <system-out/>
</testsuite> <!-- org.opensaml.spring.credential.BasicInlineParserTest -->
