<?xml version="1.0" encoding="UTF-8"?>
<!-- Generated by org.testng.reporters.JUnitReportReporter -->
<testsuite hostname="Silver-Machine.local" failures="0" tests="4" name="org.opensaml.spring.trust.StaticPKIXSignatureParserTest" time="0.108" errors="0" timestamp="2022-06-08T10:36:17 EDT" skipped="0">
  <testcase classname="org.opensaml.spring.trust.StaticPKIXSignatureParserTest" name="simple" time="0.020"/>
  <system-out/>
  <testcase classname="org.opensaml.spring.trust.StaticPKIXSignatureParserTest" name="values" time="0.044"/>
  <system-out/>
  <testcase classname="org.opensaml.spring.trust.StaticPKIXSignatureParserTest" name="certPath" time="0.021"/>
  <system-out/>
  <testcase classname="org.opensaml.spring.trust.StaticPKIXSignatureParserTest" name="nameCheckDisabled" time="0.023"/>
  <system-out/>
</testsuite> <!-- org.opensaml.spring.trust.StaticPKIXSignatureParserTest -->
