<?xml version="1.0" encoding="UTF-8"?>
<!-- Generated by org.testng.reporters.JUnitReportReporter -->
<testsuite hostname="Silver-Machine.attlocal.net" failures="0" tests="1" name="org.opensaml.spring.credential.BasicX509CredentialFactoryBeanTest" time="0.152" errors="0" timestamp="2022-07-01T14:26:56 EDT" skipped="0">
  <testcase classname="org.opensaml.spring.credential.BasicX509CredentialFactoryBeanTest" name="bean" time="0.152"/>
  <system-out/>
</testsuite> <!-- org.opensaml.spring.credential.BasicX509CredentialFactoryBeanTest -->
