<?xml version="1.0" encoding="UTF-8"?>
<!-- Generated by org.testng.reporters.JUnitReportReporter -->
<testsuite hostname="Silver-Machine.attlocal.net" failures="0" tests="4" name="org.opensaml.spring.trust.StaticExplicitKeyFactoryBeanTest" time="0.928" errors="0" timestamp="2022-07-01T14:26:56 EDT" skipped="0">
  <testcase classname="org.opensaml.spring.trust.StaticExplicitKeyFactoryBeanTest" name="singleCert" time="0.072"/>
  <system-out/>
  <testcase classname="org.opensaml.spring.trust.StaticExplicitKeyFactoryBeanTest" name="singleKey" time="0.062"/>
  <system-out/>
  <testcase classname="org.opensaml.spring.trust.StaticExplicitKeyFactoryBeanTest" name="mixed" time="0.703"/>
  <system-out/>
  <testcase classname="org.opensaml.spring.trust.StaticExplicitKeyFactoryBeanTest" name="multipleCert" time="0.091"/>
  <system-out/>
</testsuite> <!-- org.opensaml.spring.trust.StaticExplicitKeyFactoryBeanTest -->
