<?xml version="1.0" encoding="UTF-8"?>
<!-- Generated by org.testng.reporters.JUnitReportReporter -->
<testsuite hostname="Silver-Machine.local" failures="0" tests="2" name="org.opensaml.spring.trust.StaticPKIXX509CredentialParserTest" time="0.105" errors="0" timestamp="2022-06-08T10:36:17 EDT" skipped="0">
  <testcase classname="org.opensaml.spring.trust.StaticPKIXX509CredentialParserTest" name="certPath" time="0.068"/>
  <system-out/>
  <testcase classname="org.opensaml.spring.trust.StaticPKIXX509CredentialParserTest" name="nameCheckDisabled" time="0.037"/>
  <system-out/>
</testsuite> <!-- org.opensaml.spring.trust.StaticPKIXX509CredentialParserTest -->
