<?xml version="1.0" encoding="UTF-8"?>
<!-- Generated by org.testng.reporters.JUnitReportReporter -->
<testsuite hostname="Silver-Machine.local" failures="0" tests="5" name="org.opensaml.spring.credential.X509FilesystemParserTest" time="0.220" errors="0" timestamp="2022-06-08T10:36:17 EDT" skipped="0">
  <testcase classname="org.opensaml.spring.credential.X509FilesystemParserTest" name="twoCert" time="0.066"/>
  <system-out/>
  <testcase classname="org.opensaml.spring.credential.X509FilesystemParserTest" name="wrongCert" time="0.067"/>
  <system-out/>
  <testcase classname="org.opensaml.spring.credential.X509FilesystemParserTest" name="certKeyCrl" time="0.045"/>
  <system-out/>
  <testcase classname="org.opensaml.spring.credential.X509FilesystemParserTest" name="certElementsKeyNames" time="0.029"/>
  <system-out/>
  <testcase classname="org.opensaml.spring.credential.X509FilesystemParserTest" name="certOnly" time="0.013"/>
  <system-out/>
</testsuite> <!-- org.opensaml.spring.credential.X509FilesystemParserTest -->
