<?xml version="1.0" encoding="UTF-8"?>
<!-- Generated by org.testng.reporters.JUnitReportReporter -->
<testsuite hostname="Silver-Machine.local" failures="0" tests="3" name="org.opensaml.spring.credential.X509InlineParserTest" time="0.109" errors="0" timestamp="2022-06-08T10:36:17 EDT" skipped="0">
  <testcase classname="org.opensaml.spring.credential.X509InlineParserTest" name="certOnly" time="0.028"/>
  <system-out/>
  <testcase classname="org.opensaml.spring.credential.X509InlineParserTest" name="wrongCert" time="0.032"/>
  <system-out/>
  <testcase classname="org.opensaml.spring.credential.X509InlineParserTest" name="certKeyCrl" time="0.049"/>
  <system-out/>
</testsuite> <!-- org.opensaml.spring.credential.X509InlineParserTest -->
