<?xml version="1.0" encoding="UTF-8"?>
<!-- Generated by org.testng.reporters.JUnitReportReporter -->
<testsuite hostname="Silver-Machine.local" failures="0" tests="2" name="org.opensaml.spring.trust.ChainingTrustEngineTest" time="0.106" errors="0" timestamp="2022-06-08T10:36:17 EDT" skipped="0">
  <testcase classname="org.opensaml.spring.trust.ChainingTrustEngineTest" name="two" time="0.044"/>
  <system-out/>
  <testcase classname="org.opensaml.spring.trust.ChainingTrustEngineTest" name="one" time="0.062"/>
  <system-out/>
</testsuite> <!-- org.opensaml.spring.trust.ChainingTrustEngineTest -->
