<?xml version="1.0" encoding="UTF-8"?>
<!-- Generated by org.testng.reporters.JUnitReportReporter -->
<testsuite hostname="Silver-Machine.local" failures="0" tests="6" name="org.opensaml.spring.credential.BasicResourceParserTest" time="0.969" errors="0" timestamp="2022-06-08T10:36:17 EDT" skipped="0">
  <testcase classname="org.opensaml.spring.credential.BasicResourceParserTest" name="publicOnly" time="0.641"/>
  <system-out/>
  <testcase classname="org.opensaml.spring.credential.BasicResourceParserTest" name="secretHex" time="0.030"/>
  <system-out/>
  <testcase classname="org.opensaml.spring.credential.BasicResourceParserTest" name="secretBase64" time="0.050"/>
  <system-out/>
  <testcase classname="org.opensaml.spring.credential.BasicResourceParserTest" name="publicPrivate" time="0.114"/>
  <system-out/>
  <testcase classname="org.opensaml.spring.credential.BasicResourceParserTest" name="secretBinary" time="0.058"/>
  <system-out/>
  <testcase classname="org.opensaml.spring.credential.BasicResourceParserTest" name="wrongCert" time="0.076"/>
  <system-out/>
</testsuite> <!-- org.opensaml.spring.credential.BasicResourceParserTest -->
