<?xml version="1.0" encoding="UTF-8"?>
<!-- Generated by org.testng.reporters.JUnitReportReporter -->
<testsuite hostname="Silver-Machine.local" failures="0" tests="2" name="org.opensaml.spring.trust.PKIXInlineParserTest" time="0.044" errors="0" timestamp="2022-06-08T10:36:17 EDT" skipped="0">
  <testcase classname="org.opensaml.spring.trust.PKIXInlineParserTest" name="complex" time="0.021"/>
  <system-out/>
  <testcase classname="org.opensaml.spring.trust.PKIXInlineParserTest" name="simple" time="0.023"/>
  <system-out/>
</testsuite> <!-- org.opensaml.spring.trust.PKIXInlineParserTest -->
